生成启动时间为 2015/12/16 1:13:21。
     1>项目“F:\各种课件\Rutgers\2015 fall\Programing Finance\Code\final\FinalProject\FinalProject\FinalProject.vcxproj”在节点 2 上(Build 个目标)。
     1>ClCompile:
         E:\VS2013\VC\bin\CL.exe /c /IF:\matlab\MATLAB\extern\include /ZI /nologo /W3 /WX- /sdl /Od /Oy- /D WIN32 /D _DEBUG /D _CONSOLE /D _LIB /D _CRT_SECURE_NO_WARNINGS /D _UNICODE /D UNICODE /Gm /EHsc /RTC1 /MDd /GS /fp:precise /Zc:wchar_t /Zc:forScope /Fo"Debug\\" /Fd"Debug\vc120.pdb" /Gd /TP /analyze- /errorReport:prompt /D _CRT_SECURE_NO_WARNINGS BankAccount_SiyuanZhong.cpp StockAccount_SiyuanZhong.cpp main_SiyuanZhong.cpp myFunction_SiyuanZhong.cpp
         myFunction_SiyuanZhong.cpp
         main_SiyuanZhong.cpp
         StockAccount_SiyuanZhong.cpp
     1>f:\各种课件\rutgers\2015 fall\programing finance\code\final\finalproject\finalproject\stockaccount_siyuanzhong.cpp(52): warning C4018: “<”: 有符号/无符号不匹配
     1>f:\各种课件\rutgers\2015 fall\programing finance\code\final\finalproject\finalproject\stockaccount_siyuanzhong.cpp(61): warning C4244: “参数”: 从“double”转换到“int”，可能丢失数据
     1>f:\各种课件\rutgers\2015 fall\programing finance\code\final\finalproject\finalproject\stockaccount_siyuanzhong.cpp(65): warning C4018: “<”: 有符号/无符号不匹配
     1>f:\各种课件\rutgers\2015 fall\programing finance\code\final\finalproject\finalproject\stockaccount_siyuanzhong.cpp(310): warning C4018: “<”: 有符号/无符号不匹配
     1>f:\各种课件\rutgers\2015 fall\programing finance\code\final\finalproject\finalproject\stockaccount_siyuanzhong.cpp(325): warning C4244: “参数”: 从“time_t”转换到“unsigned int”，可能丢失数据
     1>f:\各种课件\rutgers\2015 fall\programing finance\code\final\finalproject\finalproject\stockaccount_siyuanzhong.cpp(327): warning C4018: “<”: 有符号/无符号不匹配
     1>f:\各种课件\rutgers\2015 fall\programing finance\code\final\finalproject\finalproject\stockaccount_siyuanzhong.cpp(389): warning C4018: “>”: 有符号/无符号不匹配
     1>f:\各种课件\rutgers\2015 fall\programing finance\code\final\finalproject\finalproject\stockaccount_siyuanzhong.cpp(573): warning C4018: “<”: 有符号/无符号不匹配
         BankAccount_SiyuanZhong.cpp
         正在生成代码...
       Link:
         E:\VS2013\VC\bin\link.exe /ERRORREPORT:PROMPT /OUT:"F:\各种课件\Rutgers\2015 fall\Programing Finance\Code\final\FinalProject\Debug\FinalProject.exe" /INCREMENTAL /NOLOGO /LIBPATH:F:\matlab\MATLAB\bin\win32 /LIBPATH:F:\matlab\MATLAB\extern\lib\win32\microsoft libmx.lib libmex.lib libeng.lib kernel32.lib user32.lib gdi32.lib winspool.lib comdlg32.lib advapi32.lib shell32.lib ole32.lib oleaut32.lib uuid.lib odbc32.lib odbccp32.lib /MANIFEST /MANIFESTUAC:"level='asInvoker' uiAccess='false'" /manifest:embed /DEBUG /PDB:"F:\各种课件\Rutgers\2015 fall\Programing Finance\Code\final\FinalProject\Debug\FinalProject.pdb" /SUBSYSTEM:CONSOLE /TLBID:1 /DYNAMICBASE /NXCOMPAT /IMPLIB:"F:\各种课件\Rutgers\2015 fall\Programing Finance\Code\final\FinalProject\Debug\FinalProject.lib" /MACHINE:X86 Debug\BankAccount_SiyuanZhong.obj
         Debug\main_SiyuanZhong.obj
         Debug\myFunction_SiyuanZhong.obj
         Debug\StockAccount_SiyuanZhong.obj
         FinalProject.vcxproj -> F:\各种课件\Rutgers\2015 fall\Programing Finance\Code\final\FinalProject\Debug\FinalProject.exe
     1>已完成生成项目“F:\各种课件\Rutgers\2015 fall\Programing Finance\Code\final\FinalProject\FinalProject\FinalProject.vcxproj”(Build 个目标)的操作。

生成成功。

已用时间 00:00:03.26
